#! /usr/bin/vvp
:ivl_version "12.0 (stable)" "(v12_0-dirty)";
:ivl_delay_selection "TYPICAL";
:vpi_time_precision - 12;
:vpi_module "/usr/lib/ivl/system.vpi";
:vpi_module "/usr/lib/ivl/vhdl_sys.vpi";
:vpi_module "/usr/lib/ivl/vhdl_textio.vpi";
:vpi_module "/usr/lib/ivl/v2005_math.vpi";
:vpi_module "/usr/lib/ivl/va_math.vpi";
:vpi_module "/usr/lib/ivl/v2009.vpi";
S_0x55afe54ffd10 .scope package, "$unit" "$unit" 2 1;
 .timescale 0 0;
S_0x55afe5500790 .scope module, "wb_lms_tb" "wb_lms_tb" 3 2;
 .timescale -9 -12;
P_0x55afe5500550 .param/real "SF" 1 3 14, Cr<m4000000000000000gfb6>; value=0.000244141
v0x55afe55279b0_0 .var "Clk", 0 0;
v0x55afe5527ac0_0 .var "Rst", 0 0;
v0x55afe5527bd0_0 .var/i "csv_fd", 31 0;
v0x55afe5527c70 .array/s "d_vec", 99 0, 15 0;
v0x55afe5527d30_0 .var/i "i", 31 0;
v0x55afe5527e60_0 .net "irq_o", 0 0, v0x55afe5525e40_0;  1 drivers
v0x55afe5527f00_0 .net "wb_ack_o", 0 0, v0x55afe5526240_0;  1 drivers
v0x55afe5527fa0_0 .var "wb_adr_i", 31 0;
v0x55afe5528070_0 .var "wb_cyc_i", 0 0;
v0x55afe55281d0_0 .var "wb_dat_i", 15 0;
v0x55afe55282a0_0 .net "wb_dat_o", 15 0, v0x55afe5526560_0;  1 drivers
v0x55afe5528370_0 .var "wb_stb_i", 0 0;
v0x55afe5528440_0 .var "wb_we_i", 0 0;
v0x55afe5528510 .array/s "x_vec", 99 0, 15 0;
S_0x55afe5500b10 .scope module, "dut" "wb_lms" 3 16, 4 1 0, S_0x55afe5500790;
 .timescale 0 0;
    .port_info 0 /INPUT 1 "Clk";
    .port_info 1 /INPUT 1 "Rst";
    .port_info 2 /INPUT 1 "wb_cyc_i";
    .port_info 3 /INPUT 1 "wb_stb_i";
    .port_info 4 /INPUT 1 "wb_we_i";
    .port_info 5 /INPUT 32 "wb_adr_i";
    .port_info 6 /INPUT 16 "wb_dat_i";
    .port_info 7 /OUTPUT 16 "wb_dat_o";
    .port_info 8 /OUTPUT 1 "wb_ack_o";
    .port_info 9 /OUTPUT 1 "irq_o";
    .port_info 10 /OUTPUT 16 "dbg_x_in";
    .port_info 11 /OUTPUT 16 "dbg_d_in";
    .port_info 12 /OUTPUT 16 "dbg_y_out";
    .port_info 13 /OUTPUT 16 "dbg_err";
    .port_info 14 /OUTPUT 16 "dbg_w0";
    .port_info 15 /OUTPUT 16 "dbg_w1";
    .port_info 16 /OUTPUT 16 "dbg_w2";
    .port_info 17 /OUTPUT 16 "dbg_w3";
P_0x55afe54f9840 .param/l "FIFO_DEPTH" 0 4 2, +C4<00000000000000000000000100000000>;
L_0x55afe54b6270 .functor BUFZ 16, v0x55afe55267c0_0, C4<0000000000000000>, C4<0000000000000000>, C4<0000000000000000>;
L_0x55afe54f7d90 .functor BUFZ 16, v0x55afe5525640_0, C4<0000000000000000>, C4<0000000000000000>, C4<0000000000000000>;
L_0x55afe54fe410 .functor BUFZ 16, L_0x55afe5529640, C4<0000000000000000>, C4<0000000000000000>, C4<0000000000000000>;
L_0x55afe5529230 .functor BUFZ 16, L_0x55afe5529810, C4<0000000000000000>, C4<0000000000000000>, C4<0000000000000000>;
L_0x55afe552c290 .functor BUFZ 16, L_0x55afe5508610, C4<0000000000000000>, C4<0000000000000000>, C4<0000000000000000>;
L_0x55afe552c300 .functor BUFZ 16, L_0x55afe5509290, C4<0000000000000000>, C4<0000000000000000>, C4<0000000000000000>;
L_0x55afe552c370 .functor BUFZ 16, L_0x55afe54b3640, C4<0000000000000000>, C4<0000000000000000>, C4<0000000000000000>;
L_0x55afe552c3e0 .functor BUFZ 16, L_0x55afe54b5ff0, C4<0000000000000000>, C4<0000000000000000>, C4<0000000000000000>;
v0x55afe55254e0_0 .net "Clk", 0 0, v0x55afe55279b0_0;  1 drivers
v0x55afe55255a0_0 .net "Rst", 0 0, v0x55afe5527ac0_0;  1 drivers
v0x55afe5525640_0 .var "d_in_reg", 15 0;
v0x55afe55256e0_0 .net "dbg_d_in", 15 0, L_0x55afe54f7d90;  1 drivers
v0x55afe5525780_0 .net "dbg_err", 15 0, L_0x55afe5529230;  1 drivers
v0x55afe5525840_0 .net "dbg_w0", 15 0, L_0x55afe552c290;  1 drivers
v0x55afe5525920_0 .net "dbg_w1", 15 0, L_0x55afe552c300;  1 drivers
v0x55afe5525a00_0 .net "dbg_w2", 15 0, L_0x55afe552c370;  1 drivers
v0x55afe5525ae0_0 .net "dbg_w3", 15 0, L_0x55afe552c3e0;  1 drivers
v0x55afe5525bc0_0 .net "dbg_x_in", 15 0, L_0x55afe54b6270;  1 drivers
v0x55afe5525ca0_0 .net "dbg_y_out", 15 0, L_0x55afe54fe410;  1 drivers
v0x55afe5525d80_0 .net "err", 15 0, L_0x55afe5529810;  1 drivers
v0x55afe5525e40_0 .var "irq_o", 0 0;
v0x55afe5525ee0_0 .net "w0", 15 0, L_0x55afe5508610;  1 drivers
v0x55afe5525fd0_0 .net "w1", 15 0, L_0x55afe5509290;  1 drivers
v0x55afe55260a0_0 .net "w2", 15 0, L_0x55afe54b3640;  1 drivers
v0x55afe5526170_0 .net "w3", 15 0, L_0x55afe54b5ff0;  1 drivers
v0x55afe5526240_0 .var "wb_ack_o", 0 0;
v0x55afe55262e0_0 .net "wb_adr_i", 31 0, v0x55afe5527fa0_0;  1 drivers
v0x55afe55263c0_0 .net "wb_cyc_i", 0 0, v0x55afe5528070_0;  1 drivers
v0x55afe5526480_0 .net "wb_dat_i", 15 0, v0x55afe55281d0_0;  1 drivers
v0x55afe5526560_0 .var "wb_dat_o", 15 0;
v0x55afe5526640_0 .net "wb_stb_i", 0 0, v0x55afe5528370_0;  1 drivers
v0x55afe5526700_0 .net "wb_we_i", 0 0, v0x55afe5528440_0;  1 drivers
v0x55afe55267c0_0 .var "x_in_reg", 15 0;
v0x55afe55268b0_0 .net "y_out", 15 0, L_0x55afe5529640;  1 drivers
E_0x55afe5481f30 .event posedge, v0x55afe54b63d0_0;
S_0x55afe5500e90 .scope module, "core" "LMS_core" 4 30, 5 2 0, S_0x55afe5500b10;
 .timescale 0 0;
    .port_info 0 /INPUT 1 "Clk";
    .port_info 1 /INPUT 1 "Rst";
    .port_info 2 /INPUT 16 "x_in";
    .port_info 3 /INPUT 16 "d_in";
    .port_info 4 /INPUT 1 "training_en";
    .port_info 5 /INPUT 16 "gamma";
    .port_info 6 /INPUT 16 "w0_set";
    .port_info 7 /INPUT 16 "w1_set";
    .port_info 8 /INPUT 16 "w2_set";
    .port_info 9 /INPUT 16 "w3_set";
    .port_info 10 /INPUT 1 "load_weights";
    .port_info 11 /OUTPUT 16 "y_out";
    .port_info 12 /OUTPUT 16 "err";
    .port_info 13 /OUTPUT 16 "w0";
    .port_info 14 /OUTPUT 16 "w1";
    .port_info 15 /OUTPUT 16 "w2";
    .port_info 16 /OUTPUT 16 "w3";
v0x55afe5524a20_0 .array/port v0x55afe5524a20, 0;
L_0x55afe5508610 .functor BUFZ 16, v0x55afe5524a20_0, C4<0000000000000000>, C4<0000000000000000>, C4<0000000000000000>;
v0x55afe5524a20_1 .array/port v0x55afe5524a20, 1;
L_0x55afe5509290 .functor BUFZ 16, v0x55afe5524a20_1, C4<0000000000000000>, C4<0000000000000000>, C4<0000000000000000>;
v0x55afe5524a20_2 .array/port v0x55afe5524a20, 2;
L_0x55afe54b3640 .functor BUFZ 16, v0x55afe5524a20_2, C4<0000000000000000>, C4<0000000000000000>, C4<0000000000000000>;
v0x55afe5524a20_3 .array/port v0x55afe5524a20, 3;
L_0x55afe54b5ff0 .functor BUFZ 16, v0x55afe5524a20_3, C4<0000000000000000>, C4<0000000000000000>, C4<0000000000000000>;
v0x55afe54b63d0_0 .net "Clk", 0 0, v0x55afe55279b0_0;  alias, 1 drivers
v0x55afe54fcd10_0 .net "Rst", 0 0, v0x55afe5527ac0_0;  alias, 1 drivers
v0x55afe54fcdb0_0 .net/s *"_ivl_1", 31 0, L_0x55afe55285b0;  1 drivers
v0x55afe54fe530_0 .net/s *"_ivl_102", 31 0, L_0x55afe552b700;  1 drivers
v0x55afe54fe5d0_0 .net/s *"_ivl_104", 31 0, L_0x55afe552b590;  1 drivers
v0x55afe54d4c10_0 .net/s *"_ivl_12", 31 0, L_0x55afe55289a0;  1 drivers
v0x55afe5521a40_0 .net/s *"_ivl_15", 31 0, L_0x55afe5528aa0;  1 drivers
v0x55afe5521b20_0 .net/s *"_ivl_16", 31 0, L_0x55afe5528c50;  1 drivers
v0x55afe5521c00_0 .net/s *"_ivl_19", 31 0, L_0x55afe5528d90;  1 drivers
v0x55afe5521ce0_0 .net/s *"_ivl_22", 31 0, L_0x55afe5528e80;  1 drivers
v0x55afe5521dc0_0 .net/s *"_ivl_25", 31 0, L_0x55afe5528f20;  1 drivers
v0x55afe5521ea0_0 .net/s *"_ivl_26", 31 0, L_0x55afe55290a0;  1 drivers
v0x55afe5521f80_0 .net/s *"_ivl_29", 31 0, L_0x55afe5529190;  1 drivers
v0x55afe5522060_0 .net/s *"_ivl_32", 31 0, L_0x55afe55292a0;  1 drivers
v0x55afe5522140_0 .net/s *"_ivl_35", 31 0, L_0x55afe5529340;  1 drivers
v0x55afe5522220_0 .net/s *"_ivl_4", 31 0, L_0x55afe55286b0;  1 drivers
v0x55afe5522300_0 .net/s *"_ivl_42", 31 0, L_0x55afe5529950;  1 drivers
v0x55afe55223e0_0 .net/s *"_ivl_45", 31 0, L_0x55afe5529a90;  1 drivers
v0x55afe55224c0_0 .net/s *"_ivl_51", 31 0, L_0x55afe5529d70;  1 drivers
v0x55afe55225a0_0 .net/s *"_ivl_53", 31 0, L_0x55afe5529c70;  1 drivers
v0x55afe5522680_0 .net/s *"_ivl_59", 31 0, L_0x55afe552a180;  1 drivers
v0x55afe5522760_0 .net/s *"_ivl_62", 31 0, L_0x55afe552a060;  1 drivers
v0x55afe5522840_0 .net/s *"_ivl_68", 31 0, L_0x55afe552a610;  1 drivers
v0x55afe5522920_0 .net/s *"_ivl_7", 31 0, L_0x55afe55287b0;  1 drivers
v0x55afe5522a00_0 .net/s *"_ivl_70", 31 0, L_0x55afe552a4d0;  1 drivers
v0x55afe5522ae0_0 .net/s *"_ivl_76", 31 0, L_0x55afe552aa50;  1 drivers
v0x55afe5522bc0_0 .net/s *"_ivl_79", 31 0, L_0x55afe552a940;  1 drivers
v0x55afe5522ca0_0 .net/s *"_ivl_85", 31 0, L_0x55afe552ae80;  1 drivers
v0x55afe5522d80_0 .net/s *"_ivl_87", 31 0, L_0x55afe552ad50;  1 drivers
v0x55afe5522e60_0 .net/s *"_ivl_9", 31 0, L_0x55afe55288d0;  1 drivers
v0x55afe5522f40_0 .net/s *"_ivl_93", 31 0, L_0x55afe552b2f0;  1 drivers
v0x55afe5523020_0 .net/s *"_ivl_96", 31 0, L_0x55afe552b1a0;  1 drivers
v0x55afe5523100_0 .net/s "a0", 31 0, L_0x55afe5529f20;  1 drivers
v0x55afe55231e0_0 .net/s "a0_q", 15 0, L_0x55afe5529e10;  1 drivers
v0x55afe55232c0_0 .net/s "a1", 31 0, L_0x55afe552a800;  1 drivers
v0x55afe55233a0_0 .net/s "a1_q", 15 0, L_0x55afe552a700;  1 drivers
v0x55afe5523480_0 .net/s "a2", 31 0, L_0x55afe552b060;  1 drivers
v0x55afe5523560_0 .net/s "a2_q", 15 0, L_0x55afe552af20;  1 drivers
v0x55afe5523640_0 .net/s "a3", 31 0, L_0x55afe552b630;  1 drivers
v0x55afe5523720_0 .net/s "a3_q", 15 0, L_0x55afe552b830;  1 drivers
v0x55afe5523800_0 .net/s "d_in", 15 0, v0x55afe5525640_0;  1 drivers
v0x55afe55238e0_0 .net/s "err", 15 0, L_0x55afe5529810;  alias, 1 drivers
o0x7fb4f75cf7f8 .functor BUFZ 16, C4<zzzzzzzzzzzzzzzz>; HiZ drive
v0x55afe55239c0_0 .net/s "gamma", 15 0, o0x7fb4f75cf7f8;  0 drivers
o0x7fb4f75cf828 .functor BUFZ 1, C4<z>; HiZ drive
v0x55afe5523aa0_0 .net "load_weights", 0 0, o0x7fb4f75cf828;  0 drivers
v0x55afe5523b60_0 .net/s "p0", 31 0, L_0x55afe5529b30;  1 drivers
v0x55afe5523c40_0 .net/s "p0_q", 15 0, L_0x55afe55299f0;  1 drivers
v0x55afe5523d20_0 .net/s "p1", 31 0, L_0x55afe552a390;  1 drivers
v0x55afe5523e00_0 .net/s "p1_q", 15 0, L_0x55afe552a2b0;  1 drivers
v0x55afe5523ee0_0 .net/s "p2", 31 0, L_0x55afe552ac10;  1 drivers
v0x55afe5523fc0_0 .net/s "p2_q", 15 0, L_0x55afe552aaf0;  1 drivers
v0x55afe55240a0_0 .net/s "p3", 31 0, L_0x55afe552b240;  1 drivers
v0x55afe5524180_0 .net/s "p3_q", 15 0, L_0x55afe552b390;  1 drivers
o0x7fb4f75cf9d8 .functor BUFZ 1, C4<z>; HiZ drive
v0x55afe5524260_0 .net "training_en", 0 0, o0x7fb4f75cf9d8;  0 drivers
v0x55afe5524320_0 .net/s "w0", 15 0, L_0x55afe5508610;  alias, 1 drivers
o0x7fb4f75cfa38 .functor BUFZ 16, C4<zzzzzzzzzzzzzzzz>; HiZ drive
v0x55afe5524400_0 .net/s "w0_set", 15 0, o0x7fb4f75cfa38;  0 drivers
v0x55afe55244e0_0 .net/s "w1", 15 0, L_0x55afe5509290;  alias, 1 drivers
o0x7fb4f75cfa98 .functor BUFZ 16, C4<zzzzzzzzzzzzzzzz>; HiZ drive
v0x55afe55245c0_0 .net/s "w1_set", 15 0, o0x7fb4f75cfa98;  0 drivers
v0x55afe55246a0_0 .net/s "w2", 15 0, L_0x55afe54b3640;  alias, 1 drivers
o0x7fb4f75cfaf8 .functor BUFZ 16, C4<zzzzzzzzzzzzzzzz>; HiZ drive
v0x55afe5524780_0 .net/s "w2_set", 15 0, o0x7fb4f75cfaf8;  0 drivers
v0x55afe5524860_0 .net/s "w3", 15 0, L_0x55afe54b5ff0;  alias, 1 drivers
o0x7fb4f75cfb58 .functor BUFZ 16, C4<zzzzzzzzzzzzzzzz>; HiZ drive
v0x55afe5524940_0 .net/s "w3_set", 15 0, o0x7fb4f75cfb58;  0 drivers
v0x55afe5524a20 .array/s "wn", 3 0, 15 0;
v0x55afe5524b60_0 .net/s "wn_u0", 15 0, L_0x55afe552bb90;  1 drivers
v0x55afe5524c40_0 .net/s "wn_u1", 15 0, L_0x55afe552ba00;  1 drivers
v0x55afe5524d20_0 .net/s "wn_u2", 15 0, L_0x55afe552be20;  1 drivers
v0x55afe5524e00_0 .net/s "wn_u3", 15 0, L_0x55afe552bc80;  1 drivers
v0x55afe5524ee0 .array/s "x", 3 0, 15 0;
v0x55afe5525020_0 .net/s "x_in", 15 0, v0x55afe55267c0_0;  1 drivers
v0x55afe5525100_0 .net/s "y_acc", 31 0, L_0x55afe5529500;  1 drivers
v0x55afe55251e0_0 .net/s "y_out", 15 0, L_0x55afe5529640;  alias, 1 drivers
E_0x55afe54c4020 .event posedge, v0x55afe54fcd10_0, v0x55afe54b63d0_0;
L_0x55afe55285b0 .extend/s 32, v0x55afe5524a20_0;
v0x55afe5524ee0_0 .array/port v0x55afe5524ee0, 0;
L_0x55afe55286b0 .extend/s 32, v0x55afe5524ee0_0;
L_0x55afe55287b0 .arith/mult 32, L_0x55afe55285b0, L_0x55afe55286b0;
L_0x55afe55288d0 .extend/s 32, v0x55afe5524a20_1;
v0x55afe5524ee0_1 .array/port v0x55afe5524ee0, 1;
L_0x55afe55289a0 .extend/s 32, v0x55afe5524ee0_1;
L_0x55afe5528aa0 .arith/mult 32, L_0x55afe55288d0, L_0x55afe55289a0;
L_0x55afe5528c50 .arith/sum 32, L_0x55afe55287b0, L_0x55afe5528aa0;
L_0x55afe5528d90 .extend/s 32, v0x55afe5524a20_2;
v0x55afe5524ee0_2 .array/port v0x55afe5524ee0, 2;
L_0x55afe5528e80 .extend/s 32, v0x55afe5524ee0_2;
L_0x55afe5528f20 .arith/mult 32, L_0x55afe5528d90, L_0x55afe5528e80;
L_0x55afe55290a0 .arith/sum 32, L_0x55afe5528c50, L_0x55afe5528f20;
L_0x55afe5529190 .extend/s 32, v0x55afe5524a20_3;
v0x55afe5524ee0_3 .array/port v0x55afe5524ee0, 3;
L_0x55afe55292a0 .extend/s 32, v0x55afe5524ee0_3;
L_0x55afe5529340 .arith/mult 32, L_0x55afe5529190, L_0x55afe55292a0;
L_0x55afe5529500 .arith/sum 32, L_0x55afe55290a0, L_0x55afe5529340;
L_0x55afe5529640 .part L_0x55afe5529500, 12, 16;
L_0x55afe5529810 .arith/sub 16, v0x55afe5525640_0, L_0x55afe5529640;
L_0x55afe5529950 .extend/s 32, L_0x55afe5529810;
L_0x55afe5529a90 .extend/s 32, v0x55afe5524ee0_0;
L_0x55afe5529b30 .arith/mult 32, L_0x55afe5529950, L_0x55afe5529a90;
L_0x55afe55299f0 .part L_0x55afe5529b30, 12, 16;
L_0x55afe5529d70 .extend/s 32, o0x7fb4f75cf7f8;
L_0x55afe5529c70 .extend/s 32, L_0x55afe55299f0;
L_0x55afe5529f20 .arith/mult 32, L_0x55afe5529d70, L_0x55afe5529c70;
L_0x55afe5529e10 .part L_0x55afe5529f20, 12, 16;
L_0x55afe552a180 .extend/s 32, L_0x55afe5529810;
L_0x55afe552a060 .extend/s 32, v0x55afe5524ee0_1;
L_0x55afe552a390 .arith/mult 32, L_0x55afe552a180, L_0x55afe552a060;
L_0x55afe552a2b0 .part L_0x55afe552a390, 12, 16;
L_0x55afe552a610 .extend/s 32, o0x7fb4f75cf7f8;
L_0x55afe552a4d0 .extend/s 32, L_0x55afe552a2b0;
L_0x55afe552a800 .arith/mult 32, L_0x55afe552a610, L_0x55afe552a4d0;
L_0x55afe552a700 .part L_0x55afe552a800, 12, 16;
L_0x55afe552aa50 .extend/s 32, L_0x55afe5529810;
L_0x55afe552a940 .extend/s 32, v0x55afe5524ee0_2;
L_0x55afe552ac10 .arith/mult 32, L_0x55afe552aa50, L_0x55afe552a940;
L_0x55afe552aaf0 .part L_0x55afe552ac10, 12, 16;
L_0x55afe552ae80 .extend/s 32, o0x7fb4f75cf7f8;
L_0x55afe552ad50 .extend/s 32, L_0x55afe552aaf0;
L_0x55afe552b060 .arith/mult 32, L_0x55afe552ae80, L_0x55afe552ad50;
L_0x55afe552af20 .part L_0x55afe552b060, 12, 16;
L_0x55afe552b2f0 .extend/s 32, L_0x55afe5529810;
L_0x55afe552b1a0 .extend/s 32, v0x55afe5524ee0_3;
L_0x55afe552b240 .arith/mult 32, L_0x55afe552b2f0, L_0x55afe552b1a0;
L_0x55afe552b390 .part L_0x55afe552b240, 12, 16;
L_0x55afe552b700 .extend/s 32, o0x7fb4f75cf7f8;
L_0x55afe552b590 .extend/s 32, L_0x55afe552b390;
L_0x55afe552b630 .arith/mult 32, L_0x55afe552b700, L_0x55afe552b590;
L_0x55afe552b830 .part L_0x55afe552b630, 12, 16;
L_0x55afe552bb90 .arith/sum 16, v0x55afe5524a20_0, L_0x55afe5529e10;
L_0x55afe552ba00 .arith/sum 16, v0x55afe5524a20_1, L_0x55afe552a700;
L_0x55afe552be20 .arith/sum 16, v0x55afe5524a20_2, L_0x55afe552af20;
L_0x55afe552bc80 .arith/sum 16, v0x55afe5524a20_3, L_0x55afe552b830;
S_0x55afe5526c40 .scope task, "log_csv" "log_csv" 3 47, 3 47 0, S_0x55afe5500790;
 .timescale -9 -12;
v0x55afe54b6150_0 .var/s "d", 15 0;
v0x55afe5526e30_0 .var/s "e", 15 0;
v0x55afe5526f10_0 .var/i "fd", 31 0;
v0x55afe5527000_0 .var/i "idx", 31 0;
v0x55afe55270e0_0 .var/s "w0", 15 0;
v0x55afe55271c0_0 .var/s "w1", 15 0;
v0x55afe55272a0_0 .var/s "w2", 15 0;
v0x55afe5527380_0 .var/s "w3", 15 0;
v0x55afe5527460_0 .var/s "x", 15 0;
v0x55afe5527540_0 .var/s "y", 15 0;
TD_wb_lms_tb.log_csv ;
    %load/vec4 v0x55afe5525bc0_0;
    %store/vec4 v0x55afe5527460_0, 0, 16;
    %load/vec4 v0x55afe55256e0_0;
    %store/vec4 v0x55afe54b6150_0, 0, 16;
    %load/vec4 v0x55afe5525ca0_0;
    %store/vec4 v0x55afe5527540_0, 0, 16;
    %load/vec4 v0x55afe5525780_0;
    %store/vec4 v0x55afe5526e30_0, 0, 16;
    %load/vec4 v0x55afe5525840_0;
    %store/vec4 v0x55afe55270e0_0, 0, 16;
    %load/vec4 v0x55afe5525920_0;
    %store/vec4 v0x55afe55271c0_0, 0, 16;
    %load/vec4 v0x55afe5525a00_0;
    %store/vec4 v0x55afe55272a0_0, 0, 16;
    %load/vec4 v0x55afe5525ae0_0;
    %store/vec4 v0x55afe5527380_0, 0, 16;
    %vpi_func/r 3 62 "$itor", v0x55afe5527460_0 {0 0 0};
    %pushi/real 1073741824, 4054; load=0.000244141
    %mul/wr;
    %vpi_func/r 3 62 "$itor", v0x55afe54b6150_0 {0 0 0};
    %pushi/real 1073741824, 4054; load=0.000244141
    %mul/wr;
    %vpi_func/r 3 62 "$itor", v0x55afe5527540_0 {0 0 0};
    %pushi/real 1073741824, 4054; load=0.000244141
    %mul/wr;
    %vpi_func/r 3 62 "$itor", v0x55afe5526e30_0 {0 0 0};
    %pushi/real 1073741824, 4054; load=0.000244141
    %mul/wr;
    %vpi_func/r 3 63 "$itor", v0x55afe55270e0_0 {0 0 0};
    %pushi/real 1073741824, 4054; load=0.000244141
    %mul/wr;
    %vpi_func/r 3 63 "$itor", v0x55afe55271c0_0 {0 0 0};
    %pushi/real 1073741824, 4054; load=0.000244141
    %mul/wr;
    %vpi_func/r 3 63 "$itor", v0x55afe55272a0_0 {0 0 0};
    %pushi/real 1073741824, 4054; load=0.000244141
    %mul/wr;
    %vpi_func/r 3 63 "$itor", v0x55afe5527380_0 {0 0 0};
    %pushi/real 1073741824, 4054; load=0.000244141
    %mul/wr;
    %vpi_call/w 3 60 "$fwrite", v0x55afe5526f10_0, "%0t,%0d,%f,%f,%f,%f,%f,%f,%f,%f\012", $time, v0x55afe5527000_0, W<7,r>, W<6,r>, W<5,r>, W<4,r>, W<3,r>, W<2,r>, W<1,r>, W<0,r> {0 8 0};
    %end;
S_0x55afe5527620 .scope task, "wb_write" "wb_write" 3 28, 3 28 0, S_0x55afe5500790;
 .timescale -9 -12;
v0x55afe55277d0_0 .var "addr", 31 0;
v0x55afe55278d0_0 .var "data", 15 0;
E_0x55afe54bc920 .event negedge, v0x55afe54b63d0_0;
TD_wb_lms_tb.wb_write ;
    %wait E_0x55afe54bc920;
    %load/vec4 v0x55afe55277d0_0;
    %store/vec4 v0x55afe5527fa0_0, 0, 32;
    %load/vec4 v0x55afe55278d0_0;
    %store/vec4 v0x55afe55281d0_0, 0, 16;
    %pushi/vec4 1, 0, 1;
    %store/vec4 v0x55afe5528440_0, 0, 1;
    %pushi/vec4 1, 0, 1;
    %store/vec4 v0x55afe5528070_0, 0, 1;
    %pushi/vec4 1, 0, 1;
    %store/vec4 v0x55afe5528370_0, 0, 1;
    %wait E_0x55afe5481f30;
T_1.0 ;
    %load/vec4 v0x55afe5527f00_0;
    %nor/r;
    %flag_set/vec4 8;
    %jmp/0xz T_1.1, 8;
    %wait E_0x55afe5481f30;
    %jmp T_1.0;
T_1.1 ;
    %wait E_0x55afe54bc920;
    %pushi/vec4 0, 0, 1;
    %store/vec4 v0x55afe5528070_0, 0, 1;
    %pushi/vec4 0, 0, 1;
    %store/vec4 v0x55afe5528370_0, 0, 1;
    %pushi/vec4 0, 0, 1;
    %store/vec4 v0x55afe5528440_0, 0, 1;
    %end;
    .scope S_0x55afe5500e90;
T_2 ;
    %wait E_0x55afe54c4020;
    %load/vec4 v0x55afe54fcd10_0;
    %flag_set/vec4 8;
    %jmp/0xz  T_2.0, 8;
    %pushi/vec4 0, 0, 16;
    %ix/load 3, 0, 0;
    %flag_set/imm 4, 0;
    %ix/load 4, 0, 0; Constant delay
    %assign/vec4/a/d v0x55afe5524ee0, 0, 4;
    %pushi/vec4 0, 0, 16;
    %ix/load 3, 1, 0;
    %flag_set/imm 4, 0;
    %ix/load 4, 0, 0; Constant delay
    %assign/vec4/a/d v0x55afe5524ee0, 0, 4;
    %pushi/vec4 0, 0, 16;
    %ix/load 3, 2, 0;
    %flag_set/imm 4, 0;
    %ix/load 4, 0, 0; Constant delay
    %assign/vec4/a/d v0x55afe5524ee0, 0, 4;
    %pushi/vec4 0, 0, 16;
    %ix/load 3, 3, 0;
    %flag_set/imm 4, 0;
    %ix/load 4, 0, 0; Constant delay
    %assign/vec4/a/d v0x55afe5524ee0, 0, 4;
    %jmp T_2.1;
T_2.0 ;
    %ix/load 4, 2, 0;
    %flag_set/imm 4, 0;
    %load/vec4a v0x55afe5524ee0, 4;
    %ix/load 3, 3, 0;
    %flag_set/imm 4, 0;
    %ix/load 4, 0, 0; Constant delay
    %assign/vec4/a/d v0x55afe5524ee0, 0, 4;
    %ix/load 4, 1, 0;
    %flag_set/imm 4, 0;
    %load/vec4a v0x55afe5524ee0, 4;
    %ix/load 3, 2, 0;
    %flag_set/imm 4, 0;
    %ix/load 4, 0, 0; Constant delay
    %assign/vec4/a/d v0x55afe5524ee0, 0, 4;
    %ix/load 4, 0, 0;
    %flag_set/imm 4, 0;
    %load/vec4a v0x55afe5524ee0, 4;
    %ix/load 3, 1, 0;
    %flag_set/imm 4, 0;
    %ix/load 4, 0, 0; Constant delay
    %assign/vec4/a/d v0x55afe5524ee0, 0, 4;
    %load/vec4 v0x55afe5525020_0;
    %ix/load 3, 0, 0;
    %flag_set/imm 4, 0;
    %ix/load 4, 0, 0; Constant delay
    %assign/vec4/a/d v0x55afe5524ee0, 0, 4;
T_2.1 ;
    %jmp T_2;
    .thread T_2;
    .scope S_0x55afe5500e90;
T_3 ;
    %wait E_0x55afe54c4020;
    %load/vec4 v0x55afe54fcd10_0;
    %flag_set/vec4 8;
    %jmp/0xz  T_3.0, 8;
    %pushi/vec4 0, 0, 16;
    %ix/load 3, 0, 0;
    %flag_set/imm 4, 0;
    %ix/load 4, 0, 0; Constant delay
    %assign/vec4/a/d v0x55afe5524a20, 0, 4;
    %pushi/vec4 0, 0, 16;
    %ix/load 3, 1, 0;
    %flag_set/imm 4, 0;
    %ix/load 4, 0, 0; Constant delay
    %assign/vec4/a/d v0x55afe5524a20, 0, 4;
    %pushi/vec4 0, 0, 16;
    %ix/load 3, 2, 0;
    %flag_set/imm 4, 0;
    %ix/load 4, 0, 0; Constant delay
    %assign/vec4/a/d v0x55afe5524a20, 0, 4;
    %pushi/vec4 0, 0, 16;
    %ix/load 3, 3, 0;
    %flag_set/imm 4, 0;
    %ix/load 4, 0, 0; Constant delay
    %assign/vec4/a/d v0x55afe5524a20, 0, 4;
    %jmp T_3.1;
T_3.0 ;
    %load/vec4 v0x55afe5523aa0_0;
    %flag_set/vec4 8;
    %jmp/0xz  T_3.2, 8;
    %load/vec4 v0x55afe5524400_0;
    %ix/load 3, 0, 0;
    %flag_set/imm 4, 0;
    %ix/load 4, 0, 0; Constant delay
    %assign/vec4/a/d v0x55afe5524a20, 0, 4;
    %load/vec4 v0x55afe55245c0_0;
    %ix/load 3, 1, 0;
    %flag_set/imm 4, 0;
    %ix/load 4, 0, 0; Constant delay
    %assign/vec4/a/d v0x55afe5524a20, 0, 4;
    %load/vec4 v0x55afe5524780_0;
    %ix/load 3, 2, 0;
    %flag_set/imm 4, 0;
    %ix/load 4, 0, 0; Constant delay
    %assign/vec4/a/d v0x55afe5524a20, 0, 4;
    %load/vec4 v0x55afe5524940_0;
    %ix/load 3, 3, 0;
    %flag_set/imm 4, 0;
    %ix/load 4, 0, 0; Constant delay
    %assign/vec4/a/d v0x55afe5524a20, 0, 4;
T_3.2 ;
T_3.1 ;
    %jmp T_3;
    .thread T_3;
    .scope S_0x55afe5500e90;
T_4 ;
    %wait E_0x55afe54c4020;
    %load/vec4 v0x55afe54fcd10_0;
    %flag_set/vec4 8;
    %jmp/0xz  T_4.0, 8;
    %jmp T_4.1;
T_4.0 ;
    %load/vec4 v0x55afe5524260_0;
    %flag_set/vec4 8;
    %jmp/0xz  T_4.2, 8;
    %load/vec4 v0x55afe5524b60_0;
    %ix/load 3, 0, 0;
    %flag_set/imm 4, 0;
    %ix/load 4, 0, 0; Constant delay
    %assign/vec4/a/d v0x55afe5524a20, 0, 4;
    %load/vec4 v0x55afe5524c40_0;
    %ix/load 3, 1, 0;
    %flag_set/imm 4, 0;
    %ix/load 4, 0, 0; Constant delay
    %assign/vec4/a/d v0x55afe5524a20, 0, 4;
    %load/vec4 v0x55afe5524d20_0;
    %ix/load 3, 2, 0;
    %flag_set/imm 4, 0;
    %ix/load 4, 0, 0; Constant delay
    %assign/vec4/a/d v0x55afe5524a20, 0, 4;
    %load/vec4 v0x55afe5524e00_0;
    %ix/load 3, 3, 0;
    %flag_set/imm 4, 0;
    %ix/load 4, 0, 0; Constant delay
    %assign/vec4/a/d v0x55afe5524a20, 0, 4;
T_4.2 ;
T_4.1 ;
    %jmp T_4;
    .thread T_4;
    .scope S_0x55afe5500b10;
T_5 ;
    %wait E_0x55afe5481f30;
    %load/vec4 v0x55afe55255a0_0;
    %flag_set/vec4 8;
    %jmp/0xz  T_5.0, 8;
    %pushi/vec4 0, 0, 1;
    %assign/vec4 v0x55afe5526240_0, 0;
    %pushi/vec4 0, 0, 16;
    %assign/vec4 v0x55afe5526560_0, 0;
    %pushi/vec4 0, 0, 16;
    %assign/vec4 v0x55afe55267c0_0, 0;
    %pushi/vec4 0, 0, 16;
    %assign/vec4 v0x55afe5525640_0, 0;
    %pushi/vec4 0, 0, 1;
    %assign/vec4 v0x55afe5525e40_0, 0;
    %jmp T_5.1;
T_5.0 ;
    %pushi/vec4 0, 0, 1;
    %assign/vec4 v0x55afe5526240_0, 0;
    %pushi/vec4 0, 0, 1;
    %assign/vec4 v0x55afe5525e40_0, 0;
    %load/vec4 v0x55afe55263c0_0;
    %flag_set/vec4 10;
    %flag_get/vec4 10;
    %jmp/0 T_5.5, 10;
    %load/vec4 v0x55afe5526640_0;
    %and;
T_5.5;
    %flag_set/vec4 9;
    %flag_get/vec4 9;
    %jmp/0 T_5.4, 9;
    %load/vec4 v0x55afe5526240_0;
    %nor/r;
    %and;
T_5.4;
    %flag_set/vec4 8;
    %jmp/0xz  T_5.2, 8;
    %pushi/vec4 1, 0, 1;
    %assign/vec4 v0x55afe5526240_0, 0;
    %load/vec4 v0x55afe5526700_0;
    %flag_set/vec4 8;
    %jmp/0xz  T_5.6, 8;
    %load/vec4 v0x55afe55262e0_0;
    %parti/s 4, 2, 3;
    %dup/vec4;
    %pushi/vec4 3, 0, 4;
    %cmp/u;
    %jmp/1 T_5.8, 6;
    %dup/vec4;
    %pushi/vec4 4, 0, 4;
    %cmp/u;
    %jmp/1 T_5.9, 6;
    %jmp T_5.10;
T_5.8 ;
    %load/vec4 v0x55afe5526480_0;
    %assign/vec4 v0x55afe55267c0_0, 0;
    %jmp T_5.10;
T_5.9 ;
    %load/vec4 v0x55afe5526480_0;
    %assign/vec4 v0x55afe5525640_0, 0;
    %jmp T_5.10;
T_5.10 ;
    %pop/vec4 1;
    %pushi/vec4 1, 0, 1;
    %assign/vec4 v0x55afe5525e40_0, 0;
    %jmp T_5.7;
T_5.6 ;
    %load/vec4 v0x55afe55262e0_0;
    %parti/s 4, 2, 3;
    %dup/vec4;
    %pushi/vec4 3, 0, 4;
    %cmp/u;
    %jmp/1 T_5.11, 6;
    %dup/vec4;
    %pushi/vec4 4, 0, 4;
    %cmp/u;
    %jmp/1 T_5.12, 6;
    %jmp T_5.13;
T_5.11 ;
    %load/vec4 v0x55afe55268b0_0;
    %assign/vec4 v0x55afe5526560_0, 0;
    %jmp T_5.13;
T_5.12 ;
    %load/vec4 v0x55afe5525d80_0;
    %assign/vec4 v0x55afe5526560_0, 0;
    %jmp T_5.13;
T_5.13 ;
    %pop/vec4 1;
T_5.7 ;
T_5.2 ;
T_5.1 ;
    %jmp T_5;
    .thread T_5;
    .scope S_0x55afe5500790;
T_6 ;
    %delay 5000, 0;
    %load/vec4 v0x55afe55279b0_0;
    %inv;
    %store/vec4 v0x55afe55279b0_0, 0, 1;
    %jmp T_6;
    .thread T_6;
    .scope S_0x55afe5500790;
T_7 ;
    %pushi/vec4 0, 0, 1;
    %store/vec4 v0x55afe55279b0_0, 0, 1;
    %pushi/vec4 1, 0, 1;
    %store/vec4 v0x55afe5527ac0_0, 0, 1;
    %pushi/vec4 0, 0, 1;
    %store/vec4 v0x55afe5528070_0, 0, 1;
    %pushi/vec4 0, 0, 1;
    %store/vec4 v0x55afe5528370_0, 0, 1;
    %pushi/vec4 0, 0, 1;
    %store/vec4 v0x55afe5528440_0, 0, 1;
    %pushi/vec4 0, 0, 32;
    %store/vec4 v0x55afe5527fa0_0, 0, 32;
    %pushi/vec4 0, 0, 16;
    %store/vec4 v0x55afe55281d0_0, 0, 16;
    %pushi/vec4 2, 0, 32;
T_7.0 %dup/vec4;
    %pushi/vec4 0, 0, 32;
    %cmp/s;
    %jmp/1xz T_7.1, 5;
    %jmp/1 T_7.1, 4;
    %pushi/vec4 1, 0, 32;
    %sub;
    %wait E_0x55afe54bc920;
    %jmp T_7.0;
T_7.1 ;
    %pop/vec4 1;
    %pushi/vec4 0, 0, 1;
    %store/vec4 v0x55afe5527ac0_0, 0, 1;
    %vpi_call/w 3 74 "$readmemb", "LMS_inputs.txt", v0x55afe5528510 {0 0 0};
    %vpi_call/w 3 75 "$readmemb", "LMS_expected.txt", v0x55afe5527c70 {0 0 0};
    %vpi_func 3 77 "$fopen" 32, "lms_log.csv", "w" {0 0 0};
    %store/vec4 v0x55afe5527bd0_0, 0, 32;
    %vpi_call/w 3 78 "$fwrite", v0x55afe5527bd0_0, "time_ns,index,x,d,y,err,w0,w1,w2,w3\012" {0 0 0};
    %pushi/vec4 8, 0, 32;
    %store/vec4 v0x55afe55277d0_0, 0, 32;
    %pushi/vec4 819, 0, 16;
    %store/vec4 v0x55afe55278d0_0, 0, 16;
    %fork TD_wb_lms_tb.wb_write, S_0x55afe5527620;
    %join;
    %pushi/vec4 0, 0, 32;
    %store/vec4 v0x55afe55277d0_0, 0, 32;
    %pushi/vec4 8, 0, 16;
    %store/vec4 v0x55afe55278d0_0, 0, 16;
    %fork TD_wb_lms_tb.wb_write, S_0x55afe5527620;
    %join;
    %pushi/vec4 0, 0, 32;
    %store/vec4 v0x55afe5527d30_0, 0, 32;
T_7.2 ;
    %load/vec4 v0x55afe5527d30_0;
    %cmpi/s 100, 0, 32;
    %jmp/0xz T_7.3, 5;
    %pushi/vec4 12, 0, 32;
    %store/vec4 v0x55afe55277d0_0, 0, 32;
    %ix/getv/s 4, v0x55afe5527d30_0;
    %load/vec4a v0x55afe5528510, 4;
    %store/vec4 v0x55afe55278d0_0, 0, 16;
    %fork TD_wb_lms_tb.wb_write, S_0x55afe5527620;
    %join;
    %pushi/vec4 16, 0, 32;
    %store/vec4 v0x55afe55277d0_0, 0, 32;
    %ix/getv/s 4, v0x55afe5527d30_0;
    %load/vec4a v0x55afe5527c70, 4;
    %store/vec4 v0x55afe55278d0_0, 0, 16;
    %fork TD_wb_lms_tb.wb_write, S_0x55afe5527620;
    %join;
    %load/vec4 v0x55afe5527d30_0;
    %addi 1, 0, 32;
    %store/vec4 v0x55afe5527d30_0, 0, 32;
    %jmp T_7.2;
T_7.3 ;
    %pushi/vec4 0, 0, 32;
    %store/vec4 v0x55afe55277d0_0, 0, 32;
    %pushi/vec4 5, 0, 16;
    %store/vec4 v0x55afe55278d0_0, 0, 16;
    %fork TD_wb_lms_tb.wb_write, S_0x55afe5527620;
    %join;
    %pushi/vec4 0, 0, 32;
    %store/vec4 v0x55afe5527d30_0, 0, 32;
T_7.4 ;
    %load/vec4 v0x55afe5527d30_0;
    %cmpi/s 100, 0, 32;
    %jmp/0xz T_7.5, 5;
    %wait E_0x55afe5481f30;
    %load/vec4 v0x55afe5527bd0_0;
    %store/vec4 v0x55afe5526f10_0, 0, 32;
    %load/vec4 v0x55afe5527d30_0;
    %store/vec4 v0x55afe5527000_0, 0, 32;
    %fork TD_wb_lms_tb.log_csv, S_0x55afe5526c40;
    %join;
    %load/vec4 v0x55afe5527d30_0;
    %addi 1, 0, 32;
    %store/vec4 v0x55afe5527d30_0, 0, 32;
    %jmp T_7.4;
T_7.5 ;
    %pushi/vec4 0, 0, 32;
    %store/vec4 v0x55afe55277d0_0, 0, 32;
    %pushi/vec4 4, 0, 16;
    %store/vec4 v0x55afe55278d0_0, 0, 16;
    %fork TD_wb_lms_tb.wb_write, S_0x55afe5527620;
    %join;
    %pushi/vec4 0, 0, 32;
    %store/vec4 v0x55afe55277d0_0, 0, 32;
    %pushi/vec4 8, 0, 16;
    %store/vec4 v0x55afe55278d0_0, 0, 16;
    %fork TD_wb_lms_tb.wb_write, S_0x55afe5527620;
    %join;
    %pushi/vec4 0, 0, 32;
    %store/vec4 v0x55afe5527d30_0, 0, 32;
T_7.6 ;
    %load/vec4 v0x55afe5527d30_0;
    %cmpi/s 100, 0, 32;
    %jmp/0xz T_7.7, 5;
    %pushi/vec4 12, 0, 32;
    %store/vec4 v0x55afe55277d0_0, 0, 32;
    %ix/getv/s 4, v0x55afe5527d30_0;
    %load/vec4a v0x55afe5528510, 4;
    %store/vec4 v0x55afe55278d0_0, 0, 16;
    %fork TD_wb_lms_tb.wb_write, S_0x55afe5527620;
    %join;
    %load/vec4 v0x55afe5527d30_0;
    %addi 1, 0, 32;
    %store/vec4 v0x55afe5527d30_0, 0, 32;
    %jmp T_7.6;
T_7.7 ;
    %pushi/vec4 0, 0, 32;
    %store/vec4 v0x55afe5527d30_0, 0, 32;
T_7.8 ;
    %load/vec4 v0x55afe5527d30_0;
    %cmpi/s 100, 0, 32;
    %jmp/0xz T_7.9, 5;
    %wait E_0x55afe5481f30;
    %load/vec4 v0x55afe5527bd0_0;
    %store/vec4 v0x55afe5526f10_0, 0, 32;
    %load/vec4 v0x55afe5527d30_0;
    %addi 100, 0, 32;
    %store/vec4 v0x55afe5527000_0, 0, 32;
    %fork TD_wb_lms_tb.log_csv, S_0x55afe5526c40;
    %join;
    %load/vec4 v0x55afe5527d30_0;
    %addi 1, 0, 32;
    %store/vec4 v0x55afe5527d30_0, 0, 32;
    %jmp T_7.8;
T_7.9 ;
    %vpi_call/w 3 107 "$fclose", v0x55afe5527bd0_0 {0 0 0};
    %pushi/vec4 20, 0, 32;
T_7.10 %dup/vec4;
    %pushi/vec4 0, 0, 32;
    %cmp/s;
    %jmp/1xz T_7.11, 5;
    %jmp/1 T_7.11, 4;
    %pushi/vec4 1, 0, 32;
    %sub;
    %wait E_0x55afe54bc920;
    %jmp T_7.10;
T_7.11 ;
    %pop/vec4 1;
    %vpi_call/w 3 109 "$finish" {0 0 0};
    %end;
    .thread T_7;
    .scope S_0x55afe5500790;
T_8 ;
    %vpi_call/w 3 113 "$dumpfile", "dump_wb_lms.vcd" {0 0 0};
    %vpi_call/w 3 114 "$dumpvars", 32'sb00000000000000000000000000000000, S_0x55afe5500790 {0 0 0};
    %end;
    .thread T_8;
# The file index is used to find the file name in the following table.
:file_names 6;
    "N/A";
    "<interactive>";
    "-";
    "wb_lms_tb.v";
    "wb_lms.v";
    "LMS.v";
