#! /usr/bin/vvp
:ivl_version "12.0 (stable)" "(v12_0-dirty)";
:ivl_delay_selection "TYPICAL";
:vpi_time_precision - 12;
:vpi_module "/usr/lib/ivl/system.vpi";
:vpi_module "/usr/lib/ivl/vhdl_sys.vpi";
:vpi_module "/usr/lib/ivl/vhdl_textio.vpi";
:vpi_module "/usr/lib/ivl/v2005_math.vpi";
:vpi_module "/usr/lib/ivl/va_math.vpi";
:vpi_module "/usr/lib/ivl/v2009.vpi";
S_0x563ddac52b70 .scope package, "$unit" "$unit" 2 1;
 .timescale 0 0;
S_0x563ddac57310 .scope module, "wb_lms_tb" "wb_lms_tb" 3 2;
 .timescale -9 -12;
v0x563ddac89060_0 .var "Clk", 0 0;
v0x563ddac89170_0 .var "Rst", 0 0;
v0x563ddac89280_0 .var/real "SF", 0 0;
v0x563ddac89320_0 .var/i "csv_file", 31 0;
v0x563ddac893e0 .array/s "d_data", 99 0, 15 0;
v0x563ddac894f0_0 .var/i "i", 31 0;
v0x563ddac895d0_0 .net "irq_o", 0 0, v0x563ddac87470_0;  1 drivers
v0x563ddac89670_0 .net "wb_ack_o", 0 0, v0x563ddac878f0_0;  1 drivers
v0x563ddac89710_0 .var "wb_adr_i", 31 0;
v0x563ddac897e0_0 .var "wb_cyc_i", 0 0;
v0x563ddac898b0_0 .var "wb_dat_i", 15 0;
v0x563ddac89980_0 .net "wb_dat_o", 15 0, v0x563ddac87bd0_0;  1 drivers
v0x563ddac89a50_0 .var "wb_stb_i", 0 0;
v0x563ddac89b20_0 .var "wb_we_i", 0 0;
v0x563ddac89bf0 .array/s "x_data", 99 0, 15 0;
S_0x563ddac56ed0 .scope module, "dut" "wb_lms" 3 19, 4 1 0, S_0x563ddac57310;
 .timescale 0 0;
    .port_info 0 /INPUT 1 "Clk";
    .port_info 1 /INPUT 1 "Rst";
    .port_info 2 /INPUT 1 "wb_cyc_i";
    .port_info 3 /INPUT 1 "wb_stb_i";
    .port_info 4 /INPUT 1 "wb_we_i";
    .port_info 5 /INPUT 32 "wb_adr_i";
    .port_info 6 /INPUT 16 "wb_dat_i";
    .port_info 7 /OUTPUT 16 "wb_dat_o";
    .port_info 8 /OUTPUT 1 "wb_ack_o";
    .port_info 9 /OUTPUT 1 "irq_o";
v0x563ddac871d0_0 .net "Clk", 0 0, v0x563ddac89060_0;  1 drivers
v0x563ddac87290_0 .net "Rst", 0 0, v0x563ddac89170_0;  1 drivers
v0x563ddac87330_0 .var/s "d_in_reg", 15 0;
v0x563ddac873d0_0 .net/s "err", 15 0, L_0x563ddac1fe20;  1 drivers
v0x563ddac87470_0 .var "irq_o", 0 0;
v0x563ddac87510_0 .var "mode_train_reg", 0 0;
v0x563ddac875b0_0 .net/s "w0", 15 0, L_0x563ddac205e0;  1 drivers
v0x563ddac87680_0 .net/s "w1", 15 0, L_0x563ddac207d0;  1 drivers
v0x563ddac87750_0 .net/s "w2", 15 0, L_0x563ddac1f100;  1 drivers
v0x563ddac87820_0 .net/s "w3", 15 0, L_0x563ddac65270;  1 drivers
v0x563ddac878f0_0 .var "wb_ack_o", 0 0;
v0x563ddac87990_0 .net "wb_adr_i", 31 0, v0x563ddac89710_0;  1 drivers
v0x563ddac87a30_0 .net "wb_cyc_i", 0 0, v0x563ddac897e0_0;  1 drivers
v0x563ddac87af0_0 .net "wb_dat_i", 15 0, v0x563ddac898b0_0;  1 drivers
v0x563ddac87bd0_0 .var "wb_dat_o", 15 0;
v0x563ddac87cb0_0 .net "wb_stb_i", 0 0, v0x563ddac89a50_0;  1 drivers
v0x563ddac87d70_0 .net "wb_we_i", 0 0, v0x563ddac89b20_0;  1 drivers
v0x563ddac87e30_0 .var/s "x_in_reg", 15 0;
v0x563ddac87f20_0 .net/s "y_out", 15 0, L_0x563ddac8add0;  1 drivers
S_0x563ddac56a90 .scope module, "dut" "LMS" 4 21, 5 1 0, S_0x563ddac56ed0;
 .timescale 0 0;
    .port_info 0 /INPUT 1 "Clk";
    .port_info 1 /INPUT 1 "Rst";
    .port_info 2 /INPUT 1 "mode_train";
    .port_info 3 /INPUT 16 "x_in";
    .port_info 4 /INPUT 16 "d_in";
    .port_info 5 /OUTPUT 16 "y_out";
    .port_info 6 /OUTPUT 16 "err";
    .port_info 7 /OUTPUT 16 "w0";
    .port_info 8 /OUTPUT 16 "w1";
    .port_info 9 /OUTPUT 16 "w2";
    .port_info 10 /OUTPUT 16 "w3";
P_0x563ddac5c930 .param/l "gamma" 0 5 12, +C4<0000100000000000>;
L_0x563ddac1fe20 .functor BUFZ 16, v0x563ddac85040_0, C4<0000000000000000>, C4<0000000000000000>, C4<0000000000000000>;
v0x563ddac86360_0 .array/port v0x563ddac86360, 0;
L_0x563ddac205e0 .functor BUFZ 16, v0x563ddac86360_0, C4<0000000000000000>, C4<0000000000000000>, C4<0000000000000000>;
v0x563ddac86360_1 .array/port v0x563ddac86360, 1;
L_0x563ddac207d0 .functor BUFZ 16, v0x563ddac86360_1, C4<0000000000000000>, C4<0000000000000000>, C4<0000000000000000>;
v0x563ddac86360_2 .array/port v0x563ddac86360, 2;
L_0x563ddac1f100 .functor BUFZ 16, v0x563ddac86360_2, C4<0000000000000000>, C4<0000000000000000>, C4<0000000000000000>;
v0x563ddac86360_3 .array/port v0x563ddac86360, 3;
L_0x563ddac65270 .functor BUFZ 16, v0x563ddac86360_3, C4<0000000000000000>, C4<0000000000000000>, C4<0000000000000000>;
v0x563ddac1f1c0_0 .net "Clk", 0 0, v0x563ddac89060_0;  alias, 1 drivers
v0x563ddac653d0_0 .net "Rst", 0 0, v0x563ddac89170_0;  alias, 1 drivers
v0x563ddac65470_0 .net/s *"_ivl_1", 31 0, L_0x563ddac89c90;  1 drivers
v0x563ddac60e80_0 .net/s *"_ivl_12", 31 0, L_0x563ddac8a080;  1 drivers
v0x563ddac60f20_0 .net/s *"_ivl_15", 31 0, L_0x563ddac8a180;  1 drivers
v0x563ddac616c0_0 .net/s *"_ivl_16", 31 0, L_0x563ddac8a330;  1 drivers
v0x563ddac61790_0 .net/s *"_ivl_19", 31 0, L_0x563ddac8a470;  1 drivers
v0x563ddac83690_0 .net/s *"_ivl_22", 31 0, L_0x563ddac8a560;  1 drivers
v0x563ddac83770_0 .net/s *"_ivl_25", 31 0, L_0x563ddac8a600;  1 drivers
v0x563ddac83850_0 .net/s *"_ivl_26", 31 0, L_0x563ddac8a7d0;  1 drivers
v0x563ddac83930_0 .net/s *"_ivl_29", 31 0, L_0x563ddac8a8c0;  1 drivers
v0x563ddac83a10_0 .net/s *"_ivl_32", 31 0, L_0x563ddac8a9d0;  1 drivers
v0x563ddac83af0_0 .net/s *"_ivl_35", 31 0, L_0x563ddac8aaa0;  1 drivers
v0x563ddac83bd0_0 .net/s *"_ivl_4", 31 0, L_0x563ddac89d90;  1 drivers
v0x563ddac83cb0_0 .net/s *"_ivl_42", 31 0, L_0x563ddac8aff0;  1 drivers
v0x563ddac83d90_0 .net/s *"_ivl_45", 31 0, L_0x563ddac8b0e0;  1 drivers
v0x563ddac83e70_0 .net/s *"_ivl_49", 31 0, L_0x563ddac8b360;  1 drivers
v0x563ddac83f50_0 .net/s *"_ivl_52", 31 0, L_0x563ddac8b1d0;  1 drivers
v0x563ddac84030_0 .net/s *"_ivl_56", 31 0, L_0x563ddac8b400;  1 drivers
v0x563ddac84110_0 .net/s *"_ivl_59", 31 0, L_0x563ddac8b790;  1 drivers
v0x563ddac841f0_0 .net/s *"_ivl_63", 31 0, L_0x563ddac8b9a0;  1 drivers
v0x563ddac842d0_0 .net/s *"_ivl_66", 31 0, L_0x563ddac8b830;  1 drivers
v0x563ddac843b0_0 .net/s *"_ivl_7", 31 0, L_0x563ddac89e90;  1 drivers
v0x563ddac84490_0 .net/s *"_ivl_78", 31 0, L_0x563ddac8bee0;  1 drivers
L_0x7f6cbfd56018 .functor BUFT 1, C4<00000000000000000000100000000000>, C4<0>, C4<0>, C4<0>;
v0x563ddac84570_0 .net/2s *"_ivl_80", 31 0, L_0x7f6cbfd56018;  1 drivers
v0x563ddac84650_0 .net/s *"_ivl_84", 31 0, L_0x563ddac8c0d0;  1 drivers
L_0x7f6cbfd56060 .functor BUFT 1, C4<00000000000000000000100000000000>, C4<0>, C4<0>, C4<0>;
v0x563ddac84730_0 .net/2s *"_ivl_86", 31 0, L_0x7f6cbfd56060;  1 drivers
v0x563ddac84810_0 .net/s *"_ivl_9", 31 0, L_0x563ddac89fb0;  1 drivers
v0x563ddac848f0_0 .net/s *"_ivl_90", 31 0, L_0x563ddac9c290;  1 drivers
L_0x7f6cbfd560a8 .functor BUFT 1, C4<00000000000000000000100000000000>, C4<0>, C4<0>, C4<0>;
v0x563ddac849d0_0 .net/2s *"_ivl_92", 31 0, L_0x7f6cbfd560a8;  1 drivers
v0x563ddac84ab0_0 .net/s *"_ivl_96", 31 0, L_0x563ddac9c450;  1 drivers
L_0x7f6cbfd560f0 .functor BUFT 1, C4<00000000000000000000100000000000>, C4<0>, C4<0>, C4<0>;
v0x563ddac84b90_0 .net/2s *"_ivl_98", 31 0, L_0x7f6cbfd560f0;  1 drivers
v0x563ddac84c70_0 .net/s "d_in", 15 0, v0x563ddac87330_0;  1 drivers
v0x563ddac84f60_0 .net/s "err", 15 0, L_0x563ddac1fe20;  alias, 1 drivers
v0x563ddac85040_0 .var/s "err_reg", 15 0;
v0x563ddac85120_0 .net/s "m0", 15 0, L_0x563ddac9c670;  1 drivers
v0x563ddac85200_0 .net/s "m0_long", 31 0, L_0x563ddac9c1f0;  1 drivers
v0x563ddac852e0_0 .net/s "m1", 15 0, L_0x563ddac9ca40;  1 drivers
v0x563ddac853c0_0 .net/s "m1_long", 31 0, L_0x563ddac9c3b0;  1 drivers
v0x563ddac854a0_0 .net/s "m2", 15 0, L_0x563ddac9c8f0;  1 drivers
v0x563ddac85580_0 .net/s "m2_long", 31 0, L_0x563ddac9c580;  1 drivers
v0x563ddac85660_0 .net/s "m3", 15 0, L_0x563ddac9cc40;  1 drivers
v0x563ddac85740_0 .net/s "m3_long", 31 0, L_0x563ddac9c7b0;  1 drivers
v0x563ddac85820_0 .net "mode_train", 0 0, v0x563ddac87510_0;  1 drivers
v0x563ddac858e0_0 .net/s "p0", 31 0, L_0x563ddac8b270;  1 drivers
v0x563ddac859c0_0 .net/s "p0_q", 15 0, L_0x563ddac8ba40;  1 drivers
v0x563ddac85aa0_0 .net/s "p1", 31 0, L_0x563ddac8b500;  1 drivers
v0x563ddac85b80_0 .net/s "p1_q", 15 0, L_0x563ddac8bdf0;  1 drivers
v0x563ddac85c60_0 .net/s "p2", 31 0, L_0x563ddac8b640;  1 drivers
v0x563ddac85d40_0 .net/s "p2_q", 15 0, L_0x563ddac8bcb0;  1 drivers
v0x563ddac85e20_0 .net/s "p3", 31 0, L_0x563ddac8bb70;  1 drivers
v0x563ddac85f00_0 .net/s "p3_q", 15 0, L_0x563ddac8bfe0;  1 drivers
v0x563ddac85fe0_0 .net/s "w0", 15 0, L_0x563ddac205e0;  alias, 1 drivers
v0x563ddac860c0_0 .net/s "w1", 15 0, L_0x563ddac207d0;  alias, 1 drivers
v0x563ddac861a0_0 .net/s "w2", 15 0, L_0x563ddac1f100;  alias, 1 drivers
v0x563ddac86280_0 .net/s "w3", 15 0, L_0x563ddac65270;  alias, 1 drivers
v0x563ddac86360 .array/s "wn", 3 0, 15 0;
v0x563ddac864a0_0 .net/s "wn_u0", 15 0, L_0x563ddac9cae0;  1 drivers
v0x563ddac86580_0 .net/s "wn_u1", 15 0, L_0x563ddac9ce50;  1 drivers
v0x563ddac86660_0 .net/s "wn_u2", 15 0, L_0x563ddac9cce0;  1 drivers
v0x563ddac86740_0 .net/s "wn_u3", 15 0, L_0x563ddac9d110;  1 drivers
v0x563ddac86820 .array/s "x", 3 0, 15 0;
v0x563ddac86960_0 .net/s "x_in", 15 0, v0x563ddac87e30_0;  1 drivers
v0x563ddac86a40_0 .net/s "y_acc", 31 0, L_0x563ddac8ac90;  1 drivers
v0x563ddac86b20_0 .net/s "y_out", 15 0, L_0x563ddac8add0;  alias, 1 drivers
E_0x563ddac257d0 .event posedge, v0x563ddac653d0_0, v0x563ddac1f1c0_0;
L_0x563ddac89c90 .extend/s 32, v0x563ddac86360_0;
v0x563ddac86820_0 .array/port v0x563ddac86820, 0;
L_0x563ddac89d90 .extend/s 32, v0x563ddac86820_0;
L_0x563ddac89e90 .arith/mult 32, L_0x563ddac89c90, L_0x563ddac89d90;
L_0x563ddac89fb0 .extend/s 32, v0x563ddac86360_1;
v0x563ddac86820_1 .array/port v0x563ddac86820, 1;
L_0x563ddac8a080 .extend/s 32, v0x563ddac86820_1;
L_0x563ddac8a180 .arith/mult 32, L_0x563ddac89fb0, L_0x563ddac8a080;
L_0x563ddac8a330 .arith/sum 32, L_0x563ddac89e90, L_0x563ddac8a180;
L_0x563ddac8a470 .extend/s 32, v0x563ddac86360_2;
v0x563ddac86820_2 .array/port v0x563ddac86820, 2;
L_0x563ddac8a560 .extend/s 32, v0x563ddac86820_2;
L_0x563ddac8a600 .arith/mult 32, L_0x563ddac8a470, L_0x563ddac8a560;
L_0x563ddac8a7d0 .arith/sum 32, L_0x563ddac8a330, L_0x563ddac8a600;
L_0x563ddac8a8c0 .extend/s 32, v0x563ddac86360_3;
v0x563ddac86820_3 .array/port v0x563ddac86820, 3;
L_0x563ddac8a9d0 .extend/s 32, v0x563ddac86820_3;
L_0x563ddac8aaa0 .arith/mult 32, L_0x563ddac8a8c0, L_0x563ddac8a9d0;
L_0x563ddac8ac90 .arith/sum 32, L_0x563ddac8a7d0, L_0x563ddac8aaa0;
L_0x563ddac8add0 .part L_0x563ddac8ac90, 12, 16;
L_0x563ddac8aff0 .extend/s 32, v0x563ddac85040_0;
L_0x563ddac8b0e0 .extend/s 32, v0x563ddac86820_0;
L_0x563ddac8b270 .arith/mult 32, L_0x563ddac8aff0, L_0x563ddac8b0e0;
L_0x563ddac8b360 .extend/s 32, v0x563ddac85040_0;
L_0x563ddac8b1d0 .extend/s 32, v0x563ddac86820_1;
L_0x563ddac8b500 .arith/mult 32, L_0x563ddac8b360, L_0x563ddac8b1d0;
L_0x563ddac8b400 .extend/s 32, v0x563ddac85040_0;
L_0x563ddac8b790 .extend/s 32, v0x563ddac86820_2;
L_0x563ddac8b640 .arith/mult 32, L_0x563ddac8b400, L_0x563ddac8b790;
L_0x563ddac8b9a0 .extend/s 32, v0x563ddac85040_0;
L_0x563ddac8b830 .extend/s 32, v0x563ddac86820_3;
L_0x563ddac8bb70 .arith/mult 32, L_0x563ddac8b9a0, L_0x563ddac8b830;
L_0x563ddac8ba40 .part L_0x563ddac8b270, 12, 16;
L_0x563ddac8bdf0 .part L_0x563ddac8b500, 12, 16;
L_0x563ddac8bcb0 .part L_0x563ddac8b640, 12, 16;
L_0x563ddac8bfe0 .part L_0x563ddac8bb70, 12, 16;
L_0x563ddac8bee0 .extend/s 32, L_0x563ddac8ba40;
L_0x563ddac9c1f0 .arith/mult 32, L_0x563ddac8bee0, L_0x7f6cbfd56018;
L_0x563ddac8c0d0 .extend/s 32, L_0x563ddac8bdf0;
L_0x563ddac9c3b0 .arith/mult 32, L_0x563ddac8c0d0, L_0x7f6cbfd56060;
L_0x563ddac9c290 .extend/s 32, L_0x563ddac8bcb0;
L_0x563ddac9c580 .arith/mult 32, L_0x563ddac9c290, L_0x7f6cbfd560a8;
L_0x563ddac9c450 .extend/s 32, L_0x563ddac8bfe0;
L_0x563ddac9c7b0 .arith/mult 32, L_0x563ddac9c450, L_0x7f6cbfd560f0;
L_0x563ddac9c670 .part L_0x563ddac9c1f0, 12, 16;
L_0x563ddac9ca40 .part L_0x563ddac9c3b0, 12, 16;
L_0x563ddac9c8f0 .part L_0x563ddac9c580, 12, 16;
L_0x563ddac9cc40 .part L_0x563ddac9c7b0, 12, 16;
L_0x563ddac9cae0 .arith/sum 16, v0x563ddac86360_0, L_0x563ddac9c670;
L_0x563ddac9ce50 .arith/sum 16, v0x563ddac86360_1, L_0x563ddac9ca40;
L_0x563ddac9cce0 .arith/sum 16, v0x563ddac86360_2, L_0x563ddac9c8f0;
L_0x563ddac9d110 .arith/sum 16, v0x563ddac86360_3, L_0x563ddac9cc40;
S_0x563ddac88110 .scope task, "log_csv" "log_csv" 3 119, 3 119 0, S_0x563ddac57310;
 .timescale -9 -12;
v0x563ddac882c0_0 .var/s "e", 15 0;
v0x563ddac883a0_0 .var/i "idx", 31 0;
v0x563ddac88480_0 .var/s "w_0", 15 0;
v0x563ddac88570_0 .var/s "w_1", 15 0;
v0x563ddac88650_0 .var/s "w_2", 15 0;
v0x563ddac88730_0 .var/s "w_3", 15 0;
v0x563ddac88810_0 .var/s "y", 15 0;
TD_wb_lms_tb.log_csv ;
    %pushi/vec4 12, 0, 32;
    %store/vec4 v0x563ddac88ac0_0, 0, 32;
    %fork TD_wb_lms_tb.wb_read, S_0x563ddac888f0;
    %join;
    %load/vec4 v0x563ddac88bc0_0;
    %store/vec4 v0x563ddac88810_0, 0, 16;
    %pushi/vec4 16, 0, 32;
    %store/vec4 v0x563ddac88ac0_0, 0, 32;
    %fork TD_wb_lms_tb.wb_read, S_0x563ddac888f0;
    %join;
    %load/vec4 v0x563ddac88bc0_0;
    %store/vec4 v0x563ddac882c0_0, 0, 16;
    %pushi/vec4 20, 0, 32;
    %store/vec4 v0x563ddac88ac0_0, 0, 32;
    %fork TD_wb_lms_tb.wb_read, S_0x563ddac888f0;
    %join;
    %load/vec4 v0x563ddac88bc0_0;
    %store/vec4 v0x563ddac88480_0, 0, 16;
    %pushi/vec4 24, 0, 32;
    %store/vec4 v0x563ddac88ac0_0, 0, 32;
    %fork TD_wb_lms_tb.wb_read, S_0x563ddac888f0;
    %join;
    %load/vec4 v0x563ddac88bc0_0;
    %store/vec4 v0x563ddac88570_0, 0, 16;
    %pushi/vec4 28, 0, 32;
    %store/vec4 v0x563ddac88ac0_0, 0, 32;
    %fork TD_wb_lms_tb.wb_read, S_0x563ddac888f0;
    %join;
    %load/vec4 v0x563ddac88bc0_0;
    %store/vec4 v0x563ddac88650_0, 0, 16;
    %pushi/vec4 32, 0, 32;
    %store/vec4 v0x563ddac88ac0_0, 0, 32;
    %fork TD_wb_lms_tb.wb_read, S_0x563ddac888f0;
    %join;
    %load/vec4 v0x563ddac88bc0_0;
    %store/vec4 v0x563ddac88730_0, 0, 16;
    %vpi_call/w 3 129 "$fwrite", v0x563ddac89320_0, "%0t,%d,%d,%d,%d,%d,%d,%d,%d\012", $time, &A<v0x563ddac89bf0, v0x563ddac883a0_0 >, v0x563ddac88810_0, &A<v0x563ddac893e0, v0x563ddac883a0_0 >, v0x563ddac882c0_0, v0x563ddac88480_0, v0x563ddac88570_0, v0x563ddac88650_0, v0x563ddac88730_0 {0 0 0};
    %end;
S_0x563ddac888f0 .scope task, "wb_read" "wb_read" 3 51, 3 51 0, S_0x563ddac57310;
 .timescale -9 -12;
v0x563ddac88ac0_0 .var "addr", 31 0;
v0x563ddac88bc0_0 .var "data_out", 15 0;
E_0x563ddac2b7a0 .event negedge, v0x563ddac1f1c0_0;
E_0x563ddac260a0 .event posedge, v0x563ddac878f0_0;
TD_wb_lms_tb.wb_read ;
    %wait E_0x563ddac2b7a0;
    %pushi/vec4 1, 0, 1;
    %assign/vec4 v0x563ddac897e0_0, 0;
    %pushi/vec4 1, 0, 1;
    %assign/vec4 v0x563ddac89a50_0, 0;
    %pushi/vec4 0, 0, 1;
    %assign/vec4 v0x563ddac89b20_0, 0;
    %load/vec4 v0x563ddac88ac0_0;
    %assign/vec4 v0x563ddac89710_0, 0;
    %wait E_0x563ddac260a0;
    %load/vec4 v0x563ddac89980_0;
    %store/vec4 v0x563ddac88bc0_0, 0, 16;
    %wait E_0x563ddac2b7a0;
    %pushi/vec4 0, 0, 1;
    %assign/vec4 v0x563ddac897e0_0, 0;
    %pushi/vec4 0, 0, 1;
    %assign/vec4 v0x563ddac89a50_0, 0;
    %end;
S_0x563ddac88ca0 .scope task, "wb_write" "wb_write" 3 39, 3 39 0, S_0x563ddac57310;
 .timescale -9 -12;
v0x563ddac88e80_0 .var "addr", 31 0;
v0x563ddac88f80_0 .var "data", 15 0;
TD_wb_lms_tb.wb_write ;
    %wait E_0x563ddac2b7a0;
    %pushi/vec4 1, 0, 1;
    %assign/vec4 v0x563ddac897e0_0, 0;
    %pushi/vec4 1, 0, 1;
    %assign/vec4 v0x563ddac89a50_0, 0;
    %pushi/vec4 1, 0, 1;
    %assign/vec4 v0x563ddac89b20_0, 0;
    %load/vec4 v0x563ddac88e80_0;
    %assign/vec4 v0x563ddac89710_0, 0;
    %load/vec4 v0x563ddac88f80_0;
    %assign/vec4 v0x563ddac898b0_0, 0;
    %wait E_0x563ddac260a0;
    %wait E_0x563ddac2b7a0;
    %pushi/vec4 0, 0, 1;
    %assign/vec4 v0x563ddac897e0_0, 0;
    %pushi/vec4 0, 0, 1;
    %assign/vec4 v0x563ddac89a50_0, 0;
    %pushi/vec4 0, 0, 1;
    %assign/vec4 v0x563ddac89b20_0, 0;
    %end;
    .scope S_0x563ddac56a90;
T_3 ;
    %wait E_0x563ddac257d0;
    %load/vec4 v0x563ddac653d0_0;
    %flag_set/vec4 8;
    %jmp/0xz  T_3.0, 8;
    %pushi/vec4 0, 0, 16;
    %ix/load 3, 0, 0;
    %flag_set/imm 4, 0;
    %ix/load 4, 0, 0; Constant delay
    %assign/vec4/a/d v0x563ddac86820, 0, 4;
    %pushi/vec4 0, 0, 16;
    %ix/load 3, 1, 0;
    %flag_set/imm 4, 0;
    %ix/load 4, 0, 0; Constant delay
    %assign/vec4/a/d v0x563ddac86820, 0, 4;
    %pushi/vec4 0, 0, 16;
    %ix/load 3, 2, 0;
    %flag_set/imm 4, 0;
    %ix/load 4, 0, 0; Constant delay
    %assign/vec4/a/d v0x563ddac86820, 0, 4;
    %pushi/vec4 0, 0, 16;
    %ix/load 3, 3, 0;
    %flag_set/imm 4, 0;
    %ix/load 4, 0, 0; Constant delay
    %assign/vec4/a/d v0x563ddac86820, 0, 4;
    %jmp T_3.1;
T_3.0 ;
    %ix/load 4, 2, 0;
    %flag_set/imm 4, 0;
    %load/vec4a v0x563ddac86820, 4;
    %ix/load 3, 3, 0;
    %flag_set/imm 4, 0;
    %ix/load 4, 0, 0; Constant delay
    %assign/vec4/a/d v0x563ddac86820, 0, 4;
    %ix/load 4, 1, 0;
    %flag_set/imm 4, 0;
    %load/vec4a v0x563ddac86820, 4;
    %ix/load 3, 2, 0;
    %flag_set/imm 4, 0;
    %ix/load 4, 0, 0; Constant delay
    %assign/vec4/a/d v0x563ddac86820, 0, 4;
    %ix/load 4, 0, 0;
    %flag_set/imm 4, 0;
    %load/vec4a v0x563ddac86820, 4;
    %ix/load 3, 1, 0;
    %flag_set/imm 4, 0;
    %ix/load 4, 0, 0; Constant delay
    %assign/vec4/a/d v0x563ddac86820, 0, 4;
    %load/vec4 v0x563ddac86960_0;
    %ix/load 3, 0, 0;
    %flag_set/imm 4, 0;
    %ix/load 4, 0, 0; Constant delay
    %assign/vec4/a/d v0x563ddac86820, 0, 4;
T_3.1 ;
    %jmp T_3;
    .thread T_3;
    .scope S_0x563ddac56a90;
T_4 ;
    %wait E_0x563ddac257d0;
    %load/vec4 v0x563ddac653d0_0;
    %flag_set/vec4 8;
    %jmp/0xz  T_4.0, 8;
    %pushi/vec4 0, 0, 16;
    %assign/vec4 v0x563ddac85040_0, 0;
    %jmp T_4.1;
T_4.0 ;
    %load/vec4 v0x563ddac85820_0;
    %flag_set/vec4 8;
    %jmp/0xz  T_4.2, 8;
    %load/vec4 v0x563ddac84c70_0;
    %load/vec4 v0x563ddac86b20_0;
    %sub;
    %assign/vec4 v0x563ddac85040_0, 0;
    %jmp T_4.3;
T_4.2 ;
    %pushi/vec4 0, 0, 16;
    %assign/vec4 v0x563ddac85040_0, 0;
T_4.3 ;
T_4.1 ;
    %jmp T_4;
    .thread T_4;
    .scope S_0x563ddac56a90;
T_5 ;
    %wait E_0x563ddac257d0;
    %load/vec4 v0x563ddac653d0_0;
    %flag_set/vec4 8;
    %jmp/0xz  T_5.0, 8;
    %pushi/vec4 0, 0, 64;
    %split/vec4 16;
    %ix/load 3, 3, 0;
    %flag_set/imm 4, 0;
    %ix/load 4, 0, 0; Constant delay
    %assign/vec4/a/d v0x563ddac86360, 0, 4;
    %split/vec4 16;
    %ix/load 3, 2, 0;
    %flag_set/imm 4, 0;
    %ix/load 4, 0, 0; Constant delay
    %assign/vec4/a/d v0x563ddac86360, 0, 4;
    %split/vec4 16;
    %ix/load 3, 1, 0;
    %flag_set/imm 4, 0;
    %ix/load 4, 0, 0; Constant delay
    %assign/vec4/a/d v0x563ddac86360, 0, 4;
    %ix/load 3, 0, 0;
    %flag_set/imm 4, 0;
    %ix/load 4, 0, 0; Constant delay
    %assign/vec4/a/d v0x563ddac86360, 0, 4;
    %jmp T_5.1;
T_5.0 ;
    %load/vec4 v0x563ddac85820_0;
    %flag_set/vec4 8;
    %jmp/0xz  T_5.2, 8;
    %load/vec4 v0x563ddac864a0_0;
    %load/vec4 v0x563ddac86580_0;
    %concat/vec4; draw_concat_vec4
    %load/vec4 v0x563ddac86660_0;
    %concat/vec4; draw_concat_vec4
    %load/vec4 v0x563ddac86740_0;
    %concat/vec4; draw_concat_vec4
    %split/vec4 16;
    %ix/load 3, 3, 0;
    %flag_set/imm 4, 0;
    %ix/load 4, 0, 0; Constant delay
    %assign/vec4/a/d v0x563ddac86360, 0, 4;
    %split/vec4 16;
    %ix/load 3, 2, 0;
    %flag_set/imm 4, 0;
    %ix/load 4, 0, 0; Constant delay
    %assign/vec4/a/d v0x563ddac86360, 0, 4;
    %split/vec4 16;
    %ix/load 3, 1, 0;
    %flag_set/imm 4, 0;
    %ix/load 4, 0, 0; Constant delay
    %assign/vec4/a/d v0x563ddac86360, 0, 4;
    %ix/load 3, 0, 0;
    %flag_set/imm 4, 0;
    %ix/load 4, 0, 0; Constant delay
    %assign/vec4/a/d v0x563ddac86360, 0, 4;
T_5.2 ;
T_5.1 ;
    %jmp T_5;
    .thread T_5;
    .scope S_0x563ddac56ed0;
T_6 ;
    %wait E_0x563ddac257d0;
    %load/vec4 v0x563ddac87290_0;
    %flag_set/vec4 8;
    %jmp/0xz  T_6.0, 8;
    %pushi/vec4 0, 0, 1;
    %assign/vec4 v0x563ddac878f0_0, 0;
    %pushi/vec4 0, 0, 16;
    %assign/vec4 v0x563ddac87bd0_0, 0;
    %pushi/vec4 0, 0, 1;
    %assign/vec4 v0x563ddac87470_0, 0;
    %pushi/vec4 0, 0, 16;
    %assign/vec4 v0x563ddac87e30_0, 0;
    %pushi/vec4 0, 0, 16;
    %assign/vec4 v0x563ddac87330_0, 0;
    %pushi/vec4 0, 0, 1;
    %assign/vec4 v0x563ddac87510_0, 0;
    %jmp T_6.1;
T_6.0 ;
    %pushi/vec4 0, 0, 1;
    %assign/vec4 v0x563ddac878f0_0, 0;
    %pushi/vec4 0, 0, 1;
    %assign/vec4 v0x563ddac87470_0, 0;
    %load/vec4 v0x563ddac87a30_0;
    %flag_set/vec4 10;
    %flag_get/vec4 10;
    %jmp/0 T_6.5, 10;
    %load/vec4 v0x563ddac87cb0_0;
    %and;
T_6.5;
    %flag_set/vec4 9;
    %flag_get/vec4 9;
    %jmp/0 T_6.4, 9;
    %load/vec4 v0x563ddac878f0_0;
    %nor/r;
    %and;
T_6.4;
    %flag_set/vec4 8;
    %jmp/0xz  T_6.2, 8;
    %pushi/vec4 1, 0, 1;
    %assign/vec4 v0x563ddac878f0_0, 0;
    %load/vec4 v0x563ddac87d70_0;
    %flag_set/vec4 8;
    %jmp/0xz  T_6.6, 8;
    %load/vec4 v0x563ddac87990_0;
    %parti/s 4, 2, 3;
    %dup/vec4;
    %pushi/vec4 0, 0, 4;
    %cmp/u;
    %jmp/1 T_6.8, 6;
    %dup/vec4;
    %pushi/vec4 1, 0, 4;
    %cmp/u;
    %jmp/1 T_6.9, 6;
    %dup/vec4;
    %pushi/vec4 2, 0, 4;
    %cmp/u;
    %jmp/1 T_6.10, 6;
    %jmp T_6.11;
T_6.8 ;
    %load/vec4 v0x563ddac87af0_0;
    %assign/vec4 v0x563ddac87e30_0, 0;
    %jmp T_6.11;
T_6.9 ;
    %load/vec4 v0x563ddac87af0_0;
    %assign/vec4 v0x563ddac87330_0, 0;
    %jmp T_6.11;
T_6.10 ;
    %load/vec4 v0x563ddac87af0_0;
    %parti/s 1, 0, 2;
    %assign/vec4 v0x563ddac87510_0, 0;
    %jmp T_6.11;
T_6.11 ;
    %pop/vec4 1;
    %pushi/vec4 1, 0, 1;
    %assign/vec4 v0x563ddac87470_0, 0;
    %jmp T_6.7;
T_6.6 ;
    %load/vec4 v0x563ddac87990_0;
    %parti/s 4, 2, 3;
    %dup/vec4;
    %pushi/vec4 3, 0, 4;
    %cmp/u;
    %jmp/1 T_6.12, 6;
    %dup/vec4;
    %pushi/vec4 4, 0, 4;
    %cmp/u;
    %jmp/1 T_6.13, 6;
    %dup/vec4;
    %pushi/vec4 5, 0, 4;
    %cmp/u;
    %jmp/1 T_6.14, 6;
    %dup/vec4;
    %pushi/vec4 6, 0, 4;
    %cmp/u;
    %jmp/1 T_6.15, 6;
    %dup/vec4;
    %pushi/vec4 7, 0, 4;
    %cmp/u;
    %jmp/1 T_6.16, 6;
    %dup/vec4;
    %pushi/vec4 8, 0, 4;
    %cmp/u;
    %jmp/1 T_6.17, 6;
    %pushi/vec4 0, 0, 16;
    %assign/vec4 v0x563ddac87bd0_0, 0;
    %jmp T_6.19;
T_6.12 ;
    %load/vec4 v0x563ddac87f20_0;
    %assign/vec4 v0x563ddac87bd0_0, 0;
    %jmp T_6.19;
T_6.13 ;
    %load/vec4 v0x563ddac873d0_0;
    %assign/vec4 v0x563ddac87bd0_0, 0;
    %jmp T_6.19;
T_6.14 ;
    %load/vec4 v0x563ddac875b0_0;
    %assign/vec4 v0x563ddac87bd0_0, 0;
    %jmp T_6.19;
T_6.15 ;
    %load/vec4 v0x563ddac87680_0;
    %assign/vec4 v0x563ddac87bd0_0, 0;
    %jmp T_6.19;
T_6.16 ;
    %load/vec4 v0x563ddac87750_0;
    %assign/vec4 v0x563ddac87bd0_0, 0;
    %jmp T_6.19;
T_6.17 ;
    %load/vec4 v0x563ddac87820_0;
    %assign/vec4 v0x563ddac87bd0_0, 0;
    %jmp T_6.19;
T_6.19 ;
    %pop/vec4 1;
T_6.7 ;
T_6.2 ;
T_6.1 ;
    %jmp T_6;
    .thread T_6;
    .scope S_0x563ddac57310;
T_7 ;
    %pushi/real 1073741824, 4054; load=0.000244141
    %store/real v0x563ddac89280_0;
    %end;
    .thread T_7, $init;
    .scope S_0x563ddac57310;
T_8 ;
    %pushi/vec4 0, 0, 1;
    %store/vec4 v0x563ddac89060_0, 0, 1;
    %end;
    .thread T_8;
    .scope S_0x563ddac57310;
T_9 ;
    %delay 5000, 0;
    %load/vec4 v0x563ddac89060_0;
    %inv;
    %store/vec4 v0x563ddac89060_0, 0, 1;
    %jmp T_9;
    .thread T_9;
    .scope S_0x563ddac57310;
T_10 ;
    %vpi_call/w 3 67 "$dumpfile", "wb_lms_tb.vcd" {0 0 0};
    %vpi_call/w 3 68 "$dumpvars", 32'sb00000000000000000000000000000000, S_0x563ddac57310 {0 0 0};
    %vpi_func 3 71 "$fopen" 32, "wb_lms_output.csv", "w" {0 0 0};
    %store/vec4 v0x563ddac89320_0, 0, 32;
    %vpi_call/w 3 72 "$fwrite", v0x563ddac89320_0, "time,x_in,y_out,d_in,err,w0,w1,w2,w3\012" {0 0 0};
    %pushi/vec4 0, 0, 1;
    %assign/vec4 v0x563ddac89060_0, 0;
    %pushi/vec4 1, 0, 1;
    %assign/vec4 v0x563ddac89170_0, 0;
    %pushi/vec4 0, 0, 1;
    %store/vec4 v0x563ddac897e0_0, 0, 1;
    %pushi/vec4 0, 0, 1;
    %store/vec4 v0x563ddac89a50_0, 0, 1;
    %pushi/vec4 0, 0, 1;
    %store/vec4 v0x563ddac89b20_0, 0, 1;
    %pushi/vec4 0, 0, 32;
    %store/vec4 v0x563ddac89710_0, 0, 32;
    %pushi/vec4 0, 0, 16;
    %store/vec4 v0x563ddac898b0_0, 0, 16;
    %delay 20000, 0;
    %pushi/vec4 0, 0, 1;
    %assign/vec4 v0x563ddac89170_0, 0;
    %vpi_call/w 3 82 "$readmemb", "x_input.txt", v0x563ddac89bf0 {0 0 0};
    %vpi_call/w 3 83 "$readmemb", "d_input.txt", v0x563ddac893e0 {0 0 0};
    %pushi/vec4 8, 0, 32;
    %store/vec4 v0x563ddac88e80_0, 0, 32;
    %pushi/vec4 1, 0, 16;
    %store/vec4 v0x563ddac88f80_0, 0, 16;
    %fork TD_wb_lms_tb.wb_write, S_0x563ddac88ca0;
    %join;
    %pushi/vec4 0, 0, 32;
    %store/vec4 v0x563ddac894f0_0, 0, 32;
T_10.0 ;
    %load/vec4 v0x563ddac894f0_0;
    %cmpi/s 100, 0, 32;
    %jmp/0xz T_10.1, 5;
    %pushi/vec4 0, 0, 32;
    %store/vec4 v0x563ddac88e80_0, 0, 32;
    %ix/getv/s 4, v0x563ddac894f0_0;
    %load/vec4a v0x563ddac89bf0, 4;
    %store/vec4 v0x563ddac88f80_0, 0, 16;
    %fork TD_wb_lms_tb.wb_write, S_0x563ddac88ca0;
    %join;
    %pushi/vec4 4, 0, 32;
    %store/vec4 v0x563ddac88e80_0, 0, 32;
    %ix/getv/s 4, v0x563ddac894f0_0;
    %load/vec4a v0x563ddac893e0, 4;
    %store/vec4 v0x563ddac88f80_0, 0, 16;
    %fork TD_wb_lms_tb.wb_write, S_0x563ddac88ca0;
    %join;
    %delay 10000, 0;
    %load/vec4 v0x563ddac894f0_0;
    %store/vec4 v0x563ddac883a0_0, 0, 32;
    %fork TD_wb_lms_tb.log_csv, S_0x563ddac88110;
    %join;
    %load/vec4 v0x563ddac894f0_0;
    %addi 1, 0, 32;
    %store/vec4 v0x563ddac894f0_0, 0, 32;
    %jmp T_10.0;
T_10.1 ;
    %pushi/vec4 8, 0, 32;
    %store/vec4 v0x563ddac88e80_0, 0, 32;
    %pushi/vec4 0, 0, 16;
    %store/vec4 v0x563ddac88f80_0, 0, 16;
    %fork TD_wb_lms_tb.wb_write, S_0x563ddac88ca0;
    %join;
    %pushi/vec4 0, 0, 32;
    %store/vec4 v0x563ddac894f0_0, 0, 32;
T_10.2 ;
    %load/vec4 v0x563ddac894f0_0;
    %cmpi/s 100, 0, 32;
    %jmp/0xz T_10.3, 5;
    %pushi/vec4 0, 0, 32;
    %store/vec4 v0x563ddac88e80_0, 0, 32;
    %ix/getv/s 4, v0x563ddac894f0_0;
    %load/vec4a v0x563ddac89bf0, 4;
    %store/vec4 v0x563ddac88f80_0, 0, 16;
    %fork TD_wb_lms_tb.wb_write, S_0x563ddac88ca0;
    %join;
    %pushi/vec4 4, 0, 32;
    %store/vec4 v0x563ddac88e80_0, 0, 32;
    %pushi/vec4 0, 0, 16;
    %store/vec4 v0x563ddac88f80_0, 0, 16;
    %fork TD_wb_lms_tb.wb_write, S_0x563ddac88ca0;
    %join;
    %delay 10000, 0;
    %load/vec4 v0x563ddac894f0_0;
    %store/vec4 v0x563ddac883a0_0, 0, 32;
    %fork TD_wb_lms_tb.log_csv, S_0x563ddac88110;
    %join;
    %load/vec4 v0x563ddac894f0_0;
    %addi 1, 0, 32;
    %store/vec4 v0x563ddac894f0_0, 0, 32;
    %jmp T_10.2;
T_10.3 ;
    %vpi_call/w 3 112 "$fclose", v0x563ddac89320_0 {0 0 0};
    %vpi_call/w 3 113 "$finish" {0 0 0};
    %end;
    .thread T_10;
# The file index is used to find the file name in the following table.
:file_names 6;
    "N/A";
    "<interactive>";
    "-";
    "wb_lms_tb.v";
    "wb_lms.v";
    "LMS.v";
